OK  [1] https://stake-engine.com/docs -> docs.png (queue: 63)
OK  [2] https://stake-engine.com/docs/rgs -> docs_rgs.png (queue: 62)
OK  [3] https://stake-engine.com/docs/rgs/wallet -> docs_rgs_wallet.png (queue: 61)
OK  [4] https://stake-engine.com/docs/rgs/example -> docs_rgs_example.png (queue: 60)
OK  [5] https://stake-engine.com/docs/payments -> docs_payments.png (queue: 59)
OK  [6] https://stake-engine.com/docs/front-end -> docs_front-end.png (queue: 58)
OK  [7] https://stake-engine.com/docs/front-end/dependencies -> docs_front-end_dependencies.png (queue: 57)
OK  [8] https://stake-engine.com/docs/front-end/getting-started -> docs_front-end_getting-started.png (queue: 56)
OK  [9] https://stake-engine.com/docs/front-end/storybook -> docs_front-end_storybook.png (queue: 55)
OK  [10] https://stake-engine.com/docs/front-end/flowchart -> docs_front-end_flowchart.png (queue: 54)
OK  [11] https://stake-engine.com/docs/front-end/task-breakdown -> docs_front-end_task-breakdown.png (queue: 53)
OK  [12] https://stake-engine.com/docs/front-end/adding-new-events -> docs_front-end_adding-new-events.png (queue: 52)
OK  [13] https://stake-engine.com/docs/front-end/file-structure -> docs_front-end_file-structure.png (queue: 51)
OK  [14] https://stake-engine.com/docs/front-end/context -> docs_front-end_context.png (queue: 50)
OK  [15] https://stake-engine.com/docs/front-end/ui -> docs_front-end_ui.png (queue: 49)
OK  [16] https://stake-engine.com/docs/math -> docs_math.png (queue: 48)
OK  [17] https://stake-engine.com/docs/math/setup -> docs_math_setup.png (queue: 47)
OK  [18] https://stake-engine.com/docs/math/quick-start -> docs_math_quick-start.png (queue: 46)
OK  [19] https://stake-engine.com/docs/math/math-file-format -> docs_math_math-file-format.png (queue: 45)
OK  [20] https://stake-engine.com/docs/math/sdk-directory -> docs_math_sdk-directory.png (queue: 44)
OK  [21] https://stake-engine.com/docs/math/high-level-structure -> docs_math_high-level-structure.png (queue: 43)
OK  [22] https://stake-engine.com/docs/math/high-level-structure/state-machine -> docs_math_high-level-structure_state-machine.png (queue: 42)
OK  [23] https://stake-engine.com/docs/math/high-level-structure/game-structure -> docs_math_high-level-structure_game-structure.png (queue: 41)
OK  [24] https://stake-engine.com/docs/math/high-level-structure/game-format -> docs_math_high-level-structure_game-format.png (queue: 40)
OK  [25] https://stake-engine.com/docs/math/game-state-structure -> docs_math_game-state-structure.png (queue: 39)
OK  [26] https://stake-engine.com/docs/math/game-state-structure/simulation-acceptance -> docs_math_game-state-structure_simulation-acceptance.png (queue: 38)
OK  [27] https://stake-engine.com/docs/math/game-state-structure/setup/configs -> docs_math_game-state-structure_setup_configs.png (queue: 37)
OK  [28] https://stake-engine.com/docs/math/game-state-structure/setup/betmode -> docs_math_game-state-structure_setup_betmode.png (queue: 36)
OK  [29] https://stake-engine.com/docs/math/game-state-structure/setup/distribution -> docs_math_game-state-structure_setup_distribution.png (queue: 35)
OK  [30] https://stake-engine.com/docs/math/source-files -> docs_math_source-files.png (queue: 34)
OK  [31] https://stake-engine.com/docs/math/source-files/config -> docs_math_source-files_config.png (queue: 33)
OK  [32] https://stake-engine.com/docs/math/source-files/events -> docs_math_source-files_events.png (queue: 32)
OK  [33] https://stake-engine.com/docs/math/source-files/executables -> docs_math_source-files_executables.png (queue: 31)
OK  [34] https://stake-engine.com/docs/math/source-files/state -> docs_math_source-files_state.png (queue: 30)
OK  [35] https://stake-engine.com/docs/math/source-files/win-manager -> docs_math_source-files_win-manager.png (queue: 29)
OK  [36] https://stake-engine.com/docs/math/source-files/outputs -> docs_math_source-files_outputs.png (queue: 28)
OK  [37] https://stake-engine.com/docs/math/source-files/calculations -> docs_math_source-files_calculations.png (queue: 27)
OK  [38] https://stake-engine.com/docs/math/source-files/calculations/board -> docs_math_source-files_calculations_board.png (queue: 26)
OK  [39] https://stake-engine.com/docs/math/source-files/calculations/tumble -> docs_math_source-files_calculations_tumble.png (queue: 25)
OK  [40] https://stake-engine.com/docs/math/source-files/calculations/lines -> docs_math_source-files_calculations_lines.png (queue: 24)
OK  [41] https://stake-engine.com/docs/math/source-files/calculations/ways -> docs_math_source-files_calculations_ways.png (queue: 23)
OK  [42] https://stake-engine.com/docs/math/source-files/calculations/scatter -> docs_math_source-files_calculations_scatter.png (queue: 22)
OK  [43] https://stake-engine.com/docs/math/source-files/calculations/cluster -> docs_math_source-files_calculations_cluster.png (queue: 21)
OK  [44] https://stake-engine.com/docs/math/game-state-structure/symbols -> docs_math_game-state-structure_symbols.png (queue: 20)
OK  [45] https://stake-engine.com/docs/math/game-state-structure/board -> docs_math_game-state-structure_board.png (queue: 19)
OK  [46] https://stake-engine.com/docs/math/game-state-structure/wins -> docs_math_game-state-structure_wins.png (queue: 18)
OK  [47] https://stake-engine.com/docs/math/game-state-structure/events -> docs_math_game-state-structure_events.png (queue: 17)
OK  [48] https://stake-engine.com/docs/math/game-state-structure/force-files -> docs_math_game-state-structure_force-files.png (queue: 16)
OK  [49] https://stake-engine.com/docs/math/utilities -> docs_math_utilities.png (queue: 15)
OK  [50] https://stake-engine.com/docs/math/example-games -> docs_math_example-games.png (queue: 14)
OK  [51] https://stake-engine.com/docs/math/optimization-algorithm -> docs_math_optimization-algorithm.png (queue: 14)
OK  [52] https://stake-engine.com/docs/approval-guidelines -> docs_approval-guidelines.png (queue: 13)
OK  [53] https://stake-engine.com/docs/approval-guidelines/submission-checklist -> docs_approval-guidelines_submission-checklist.png (queue: 12)
OK  [54] https://stake-engine.com/docs/approval-guidelines/game-replay-requirements -> docs_approval-guidelines_game-replay-requirements.png (queue: 11)
OK  [55] https://stake-engine.com/docs/approval-guidelines/game-quality-rankings -> docs_approval-guidelines_game-quality-rankings.png (queue: 10)
OK  [56] https://stake-engine.com/docs/approval-guidelines/rgs-communication -> docs_approval-guidelines_rgs-communication.png (queue: 9)
OK  [57] https://stake-engine.com/docs/approval-guidelines/front-end-communication -> docs_approval-guidelines_front-end-communication.png (queue: 8)
OK  [58] https://stake-engine.com/docs/approval-guidelines/math-verification -> docs_approval-guidelines_math-verification.png (queue: 7)
OK  [59] https://stake-engine.com/docs/approval-guidelines/game-tile-requirements -> docs_approval-guidelines_game-tile-requirements.png (queue: 6)
OK  [60] https://stake-engine.com/docs/approval-guidelines/general-disclaimer -> docs_approval-guidelines_general-disclaimer.png (queue: 5)
OK  [61] https://stake-engine.com/docs/approval-guidelines/jurisdiction-requirements -> docs_approval-guidelines_jurisdiction-requirements.png (queue: 4)
FAIL https://stake-engine.com/docs/terms: page.screenshot: Timeout 30000ms exceeded.
OK  [62] https://stake-engine.com/docs/privacy -> docs_privacy.png (queue: 2)
OK  [63] https://stake-engine.com/docs/giveaway-terms -> docs_giveaway-terms.png (queue: 1)
FAIL https://stake-engine.com/docs-content/distribution_optimization.pdf: page.goto: Download is starting

DONE: 63 pages captured, 2 failed
